c:\users\lukei\onedrive\crypto\pow\debug\vc142.pdb
c:\users\lukei\onedrive\crypto\pow\debug\vc142.idb
c:\users\lukei\onedrive\crypto\pow\debug\walletmanager.obj
c:\users\lukei\onedrive\crypto\pow\debug\wallet.obj
c:\users\lukei\onedrive\crypto\pow\debug\transactionpool.obj
c:\users\lukei\onedrive\crypto\pow\debug\transaction.obj
c:\users\lukei\onedrive\crypto\pow\debug\sha256.obj
c:\users\lukei\onedrive\crypto\pow\debug\puzzle.obj
c:\users\lukei\onedrive\crypto\pow\debug\pow.obj
c:\users\lukei\onedrive\crypto\pow\debug\miner.obj
c:\users\lukei\onedrive\crypto\pow\debug\blockchain.obj
c:\users\lukei\onedrive\crypto\pow\debug\block.obj
c:\users\lukei\onedrive\crypto\pow\debug\pow.exe
c:\users\lukei\onedrive\crypto\pow\debug\pow.ilk
c:\users\lukei\onedrive\crypto\pow\debug\pow.pdb
c:\users\lukei\onedrive\crypto\pow\debug\pow.tlog\cl.command.1.tlog
c:\users\lukei\onedrive\crypto\pow\debug\pow.tlog\cl.read.1.tlog
c:\users\lukei\onedrive\crypto\pow\debug\pow.tlog\cl.write.1.tlog
c:\users\lukei\onedrive\crypto\pow\debug\pow.tlog\link.command.1.tlog
c:\users\lukei\onedrive\crypto\pow\debug\pow.tlog\link.read.1.tlog
c:\users\lukei\onedrive\crypto\pow\debug\pow.tlog\link.write.1.tlog
